2017-01-14 22:30:25.333+0000 WARN  [o.n.i.p.PageCache] The dbms.memory.pagecache.size setting has not been configured. It is recommended that this setting is always explicitly configured, to ensure the system has a balanced configuration. Until then, a computed heuristic value of 3221225472 bytes will be used instead. 
2017-01-14 22:30:25.406+0000 INFO  [o.n.k.i.f.CommunityEditionModule] No locking implementation specified, defaulting to 'forseti'
2017-01-14 22:30:25.416+0000 INFO  [o.n.k.i.f.StatementLocksFactorySelector] No services implementing StatementLocksFactory found. Using SimpleStatementLocksFactory
2017-01-14 22:30:25.614+0000 INFO  [o.n.k.AvailabilityGuard] Requirement makes database unavailable: Database available
2017-01-14 22:30:25.653+0000 INFO  [o.n.k.i.DiagnosticsManager] --- INITIALIZED diagnostics START ---
2017-01-14 22:30:25.655+0000 INFO  [o.n.k.i.DiagnosticsManager] Neo4j Kernel properties:
2017-01-14 22:30:25.655+0000 INFO  [o.n.k.i.DiagnosticsManager] dbms.connector.http.enabled=true
2017-01-14 22:30:25.656+0000 INFO  [o.n.k.i.DiagnosticsManager] dbms.security.auth_enabled=false
2017-01-14 22:30:25.656+0000 INFO  [o.n.k.i.DiagnosticsManager] dbms.windows_service_name=neo4j
2017-01-14 22:30:25.656+0000 INFO  [o.n.k.i.DiagnosticsManager] unsupported.dbms.directories.neo4j_home=/Users/Federico/Desktop/Federico/Università/WebProjects/ppc/Neo4j
2017-01-14 22:30:25.656+0000 INFO  [o.n.k.i.DiagnosticsManager] dbms.directories.import=import
2017-01-14 22:30:25.657+0000 INFO  [o.n.k.i.DiagnosticsManager] unsupported.dbms.edition=enterprise
2017-01-14 22:30:25.657+0000 INFO  [o.n.k.i.DiagnosticsManager] dbms.connector.bolt.enabled=true
2017-01-14 22:30:25.657+0000 INFO  [o.n.k.i.DiagnosticsManager] dbms.connector.https.enabled=true
2017-01-14 22:30:25.658+0000 INFO  [o.n.k.i.DiagnosticsManager] dbms.jvm.additional=-Dunsupported.dbms.udc.source=tarball
2017-01-14 22:30:25.658+0000 INFO  [o.n.k.i.DiagnosticsManager] dbms.tx_log.rotation.retention_policy=false
2017-01-14 22:30:25.658+0000 INFO  [o.n.k.i.DiagnosticsManager] Diagnostics providers:
2017-01-14 22:30:25.658+0000 INFO  [o.n.k.i.DiagnosticsManager] org.neo4j.kernel.configuration.Config
2017-01-14 22:30:25.658+0000 INFO  [o.n.k.i.DiagnosticsManager] org.neo4j.kernel.info.DiagnosticsManager
2017-01-14 22:30:25.658+0000 INFO  [o.n.k.i.DiagnosticsManager] SYSTEM_MEMORY
2017-01-14 22:30:25.658+0000 INFO  [o.n.k.i.DiagnosticsManager] JAVA_MEMORY
2017-01-14 22:30:25.658+0000 INFO  [o.n.k.i.DiagnosticsManager] OPERATING_SYSTEM
2017-01-14 22:30:25.658+0000 INFO  [o.n.k.i.DiagnosticsManager] JAVA_VIRTUAL_MACHINE
2017-01-14 22:30:25.658+0000 INFO  [o.n.k.i.DiagnosticsManager] CLASSPATH
2017-01-14 22:30:25.658+0000 INFO  [o.n.k.i.DiagnosticsManager] LIBRARY_PATH
2017-01-14 22:30:25.658+0000 INFO  [o.n.k.i.DiagnosticsManager] SYSTEM_PROPERTIES
2017-01-14 22:30:25.659+0000 INFO  [o.n.k.i.DiagnosticsManager] NETWORK
2017-01-14 22:30:25.659+0000 INFO  [o.n.k.i.DiagnosticsManager] System memory information:
2017-01-14 22:30:25.661+0000 INFO  [o.n.k.i.DiagnosticsManager] Total Physical memory: 8,00 GB
2017-01-14 22:30:25.662+0000 INFO  [o.n.k.i.DiagnosticsManager] Free Physical memory: 2,33 GB
2017-01-14 22:30:25.662+0000 INFO  [o.n.k.i.DiagnosticsManager] Committed virtual memory: 5,81 GB
2017-01-14 22:30:25.663+0000 INFO  [o.n.k.i.DiagnosticsManager] Total swap space: 1,00 GB
2017-01-14 22:30:25.664+0000 INFO  [o.n.k.i.DiagnosticsManager] Free swap space: 767,50 MB
2017-01-14 22:30:25.664+0000 INFO  [o.n.k.i.DiagnosticsManager] JVM memory information:
2017-01-14 22:30:25.664+0000 INFO  [o.n.k.i.DiagnosticsManager] Free  memory: 77,50 MB
2017-01-14 22:30:25.664+0000 INFO  [o.n.k.i.DiagnosticsManager] Total memory: 128,00 MB
2017-01-14 22:30:25.665+0000 INFO  [o.n.k.i.DiagnosticsManager] Max   memory: 2,00 GB
2017-01-14 22:30:25.668+0000 INFO  [o.n.k.i.DiagnosticsManager] Garbage Collector: G1 Young Generation: [G1 Eden Space, G1 Survivor Space]
2017-01-14 22:30:25.668+0000 INFO  [o.n.k.i.DiagnosticsManager] Garbage Collector: G1 Old Generation: [G1 Eden Space, G1 Survivor Space, G1 Old Gen]
2017-01-14 22:30:25.671+0000 INFO  [o.n.k.i.DiagnosticsManager] Memory Pool: Code Cache (Non-heap memory): committed=5,25 MB, used=5,20 MB, max=240,00 MB, threshold=0,00 B
2017-01-14 22:30:25.672+0000 INFO  [o.n.k.i.DiagnosticsManager] Memory Pool: Metaspace (Non-heap memory): committed=13,38 MB, used=12,66 MB, max=-1,00 B, threshold=0,00 B
2017-01-14 22:30:25.673+0000 INFO  [o.n.k.i.DiagnosticsManager] Memory Pool: Compressed Class Space (Non-heap memory): committed=1,88 MB, used=1,71 MB, max=1,00 GB, threshold=0,00 B
2017-01-14 22:30:25.673+0000 INFO  [o.n.k.i.DiagnosticsManager] Memory Pool: G1 Eden Space (Heap memory): committed=33,00 MB, used=14,00 MB, max=-1,00 B, threshold=?
2017-01-14 22:30:25.674+0000 INFO  [o.n.k.i.DiagnosticsManager] Memory Pool: G1 Survivor Space (Heap memory): committed=1,00 MB, used=1,00 MB, max=-1,00 B, threshold=?
2017-01-14 22:30:25.674+0000 INFO  [o.n.k.i.DiagnosticsManager] Memory Pool: G1 Old Gen (Heap memory): committed=94,00 MB, used=34,50 MB, max=2,00 GB, threshold=0,00 B
2017-01-14 22:30:25.674+0000 INFO  [o.n.k.i.DiagnosticsManager] Operating system information:
2017-01-14 22:30:25.675+0000 INFO  [o.n.k.i.DiagnosticsManager] Operating System: Mac OS X; version: 10.11.6; arch: x86_64; cpus: 4
2017-01-14 22:30:25.676+0000 INFO  [o.n.k.i.DiagnosticsManager] Max number of file descriptors: 10240
2017-01-14 22:30:25.677+0000 INFO  [o.n.k.i.DiagnosticsManager] Number of open file descriptors: 116
2017-01-14 22:30:25.916+0000 INFO  [o.n.k.i.DiagnosticsManager] Process id: 6174@MacBook-Pro-di-Federico.local
2017-01-14 22:30:25.917+0000 INFO  [o.n.k.i.DiagnosticsManager] Byte order: LITTLE_ENDIAN
2017-01-14 22:30:25.917+0000 INFO  [o.n.k.i.DiagnosticsManager] Local timezone: Europe/Rome
2017-01-14 22:30:25.917+0000 INFO  [o.n.k.i.DiagnosticsManager] JVM information:
2017-01-14 22:30:25.917+0000 INFO  [o.n.k.i.DiagnosticsManager] VM Name: Java HotSpot(TM) 64-Bit Server VM
2017-01-14 22:30:25.917+0000 INFO  [o.n.k.i.DiagnosticsManager] VM Vendor: Oracle Corporation
2017-01-14 22:30:25.917+0000 INFO  [o.n.k.i.DiagnosticsManager] VM Version: 25.111-b14
2017-01-14 22:30:25.918+0000 INFO  [o.n.k.i.DiagnosticsManager] JIT compiler: HotSpot 64-Bit Tiered Compilers
2017-01-14 22:30:25.919+0000 INFO  [o.n.k.i.DiagnosticsManager] VM Arguments: [-XX:+UseG1GC, -XX:-OmitStackTraceInFastThrow, -XX:+AlwaysPreTouch, -XX:+UnlockExperimentalVMOptions, -XX:+TrustFinalNonStaticFields, -XX:+DisableExplicitGC, -Djdk.tls.ephemeralDHKeySize=2048, -Dunsupported.dbms.udc.source=tarball, -Dfile.encoding=UTF-8]
2017-01-14 22:30:25.919+0000 INFO  [o.n.k.i.DiagnosticsManager] Java classpath:
2017-01-14 22:30:25.927+0000 INFO  [o.n.k.i.DiagnosticsManager]  [loader.0] file:/Users/Federico/Desktop/Federico/Universit%c3%a0/WebProjects/ppc/Neo4j/lib/neo4j-cypher-compiler-3.0-3.0.7.jar
2017-01-14 22:30:25.927+0000 INFO  [o.n.k.i.DiagnosticsManager]  [loader.1] file:/Library/Java/JavaVirtualMachines/jdk1.8.0_111.jdk/Contents/Home/jre/lib/ext/localedata.jar
2017-01-14 22:30:25.927+0000 INFO  [o.n.k.i.DiagnosticsManager]  [loader.0] file:/Users/Federico/Desktop/Federico/Universit%c3%a0/WebProjects/ppc/Neo4j/lib/netty-3.9.9.Final.jar
2017-01-14 22:30:25.928+0000 INFO  [o.n.k.i.DiagnosticsManager]  [classpath] /Users/Federico/Desktop/Federico/Università/WebProjects/ppc/Neo4j/lib/neo4j-codegen-3.1.0.jar
2017-01-14 22:30:25.928+0000 INFO  [o.n.k.i.DiagnosticsManager]  [loader.0] file:/Users/Federico/Desktop/Federico/Universit%c3%a0/WebProjects/ppc/Neo4j/lib/neo4j-com-3.1.0.jar
2017-01-14 22:30:25.928+0000 INFO  [o.n.k.i.DiagnosticsManager]  [loader.0] file:/Users/Federico/Desktop/Federico/Universit%c3%a0/WebProjects/ppc/Neo4j/lib/neo4j-cypher-3.1.0.jar
2017-01-14 22:30:25.928+0000 INFO  [o.n.k.i.DiagnosticsManager]  [loader.0] file:/Users/Federico/Desktop/Federico/Universit%c3%a0/WebProjects/ppc/Neo4j/lib/neo4j-causal-clustering-3.1.0.jar
2017-01-14 22:30:25.928+0000 INFO  [o.n.k.i.DiagnosticsManager]  [classpath] /Users/Federico/Desktop/Federico/Università/WebProjects/ppc/Neo4j/lib/jetty-server-9.2.9.v20150224.jar
2017-01-14 22:30:25.928+0000 INFO  [o.n.k.i.DiagnosticsManager]  [loader.0] file:/Users/Federico/Desktop/Federico/Universit%c3%a0/WebProjects/ppc/Neo4j/lib/asm-5.0.4.jar
2017-01-14 22:30:25.928+0000 INFO  [o.n.k.i.DiagnosticsManager]  [loader.0] file:/Users/Federico/Desktop/Federico/Universit%c3%a0/WebProjects/ppc/Neo4j/lib/jackson-core-asl-1.9.13.jar
2017-01-14 22:30:25.928+0000 INFO  [o.n.k.i.DiagnosticsManager]  [classpath] /Users/Federico/Desktop/Federico/Università/WebProjects/ppc/Neo4j/lib/neo4j-cypher-compiler-2.3-2.3.7.jar
2017-01-14 22:30:25.928+0000 INFO  [o.n.k.i.DiagnosticsManager]  [classpath] /Users/Federico/Desktop/Federico/Università/WebProjects/ppc/Neo4j/lib/jersey-servlet-1.19.jar
2017-01-14 22:30:25.928+0000 INFO  [o.n.k.i.DiagnosticsManager]  [classpath] /Users/Federico/Desktop/Federico/Università/WebProjects/ppc/Neo4j/lib/neo4j-dbms-3.1.0.jar
2017-01-14 22:30:25.928+0000 INFO  [o.n.k.i.DiagnosticsManager]  [loader.0] file:/Users/Federico/Desktop/Federico/Universit%c3%a0/WebProjects/ppc/Neo4j/lib/commons-configuration-1.10.jar
2017-01-14 22:30:25.928+0000 INFO  [o.n.k.i.DiagnosticsManager]  [classpath] /Users/Federico/Desktop/Federico/Università/WebProjects/ppc/Neo4j/lib/neo4j-cypher-compiler-3.1-3.1.0.jar
2017-01-14 22:30:25.928+0000 INFO  [o.n.k.i.DiagnosticsManager]  [classpath] /Users/Federico/Desktop/Federico/Università/WebProjects/ppc/Neo4j/lib/neo4j-primitive-collections-3.1.0.jar
2017-01-14 22:30:25.928+0000 INFO  [o.n.k.i.DiagnosticsManager]  [loader.0] file:/Users/Federico/Desktop/Federico/Universit%c3%a0/WebProjects/ppc/Neo4j/lib/mimepull-1.9.3.jar
2017-01-14 22:30:25.928+0000 INFO  [o.n.k.i.DiagnosticsManager]  [loader.0] file:/Users/Federico/Desktop/Federico/Universit%c3%a0/WebProjects/ppc/Neo4j/lib/jetty-security-9.2.9.v20150224.jar
2017-01-14 22:30:25.928+0000 INFO  [o.n.k.i.DiagnosticsManager]  [classpath] /Users/Federico/Desktop/Federico/Università/WebProjects/ppc/Neo4j/lib/neo4j-server-3.1.0.jar
2017-01-14 22:30:25.928+0000 INFO  [o.n.k.i.DiagnosticsManager]  [classpath] /Users/Federico/Desktop/Federico/Università/WebProjects/ppc/Neo4j/lib/concurrentlinkedhashmap-lru-1.4.2.jar
2017-01-14 22:30:25.928+0000 INFO  [o.n.k.i.DiagnosticsManager]  [loader.0] file:/Users/Federico/Desktop/Federico/Universit%c3%a0/WebProjects/ppc/Neo4j/lib/neo4j-cypher-compiler-3.1-3.1.0.jar
2017-01-14 22:30:25.928+0000 INFO  [o.n.k.i.DiagnosticsManager]  [classpath] /Users/Federico/Desktop/Federico/Università/WebProjects/ppc/Neo4j/lib/metrics-core-3.1.2.jar
2017-01-14 22:30:25.928+0000 INFO  [o.n.k.i.DiagnosticsManager]  [classpath] /Users/Federico/Desktop/Federico/Università/WebProjects/ppc/Neo4j/lib/neo4j-cypher-compiler-3.0-3.0.7.jar
2017-01-14 22:30:25.928+0000 INFO  [o.n.k.i.DiagnosticsManager]  [classpath] /Users/Federico/Desktop/Federico/Università/WebProjects/ppc/Neo4j/lib/neo4j-consistency-check-3.1.0.jar
2017-01-14 22:30:25.928+0000 INFO  [o.n.k.i.DiagnosticsManager]  [loader.0] file:/Users/Federico/Desktop/Federico/Universit%c3%a0/WebProjects/ppc/Neo4j/lib/jetty-util-9.2.9.v20150224.jar
2017-01-14 22:30:25.928+0000 INFO  [o.n.k.i.DiagnosticsManager]  [classpath] /Users/Federico/Desktop/Federico/Università/WebProjects/ppc/Neo4j/lib/neo4j-jmx-3.1.0.jar
2017-01-14 22:30:25.928+0000 INFO  [o.n.k.i.DiagnosticsManager]  [classpath] /Users/Federico/Desktop/Federico/Università/WebProjects/ppc/Neo4j/lib/neo4j-udc-3.1.0.jar
2017-01-14 22:30:25.928+0000 INFO  [o.n.k.i.DiagnosticsManager]  [loader.0] file:/Users/Federico/Desktop/Federico/Universit%c3%a0/WebProjects/ppc/Neo4j/lib/neo4j-graph-algo-3.1.0.jar
2017-01-14 22:30:25.928+0000 INFO  [o.n.k.i.DiagnosticsManager]  [classpath] /Users/Federico/Desktop/Federico/Università/WebProjects/ppc/Neo4j/lib/jetty-http-9.2.9.v20150224.jar
2017-01-14 22:30:25.928+0000 INFO  [o.n.k.i.DiagnosticsManager]  [loader.0] file:/Users/Federico/Desktop/Federico/Universit%c3%a0/WebProjects/ppc/Neo4j/lib/jetty-webapp-9.2.9.v20150224.jar
2017-01-14 22:30:25.928+0000 INFO  [o.n.k.i.DiagnosticsManager]  [classpath] /Users/Federico/Desktop/Federico/Università/WebProjects/ppc/Neo4j/lib/jetty-io-9.2.9.v20150224.jar
2017-01-14 22:30:25.928+0000 INFO  [o.n.k.i.DiagnosticsManager]  [loader.0] file:/Users/Federico/Desktop/Federico/Universit%c3%a0/WebProjects/ppc/Neo4j/lib/neo4j-codegen-3.1.0.jar
2017-01-14 22:30:25.928+0000 INFO  [o.n.k.i.DiagnosticsManager]  [classpath] /Users/Federico/Desktop/Federico/Università/WebProjects/ppc/Neo4j/lib/caffeine-2.3.3.jar
2017-01-14 22:30:25.929+0000 INFO  [o.n.k.i.DiagnosticsManager]  [classpath] /Users/Federico/Desktop/Federico/Università/WebProjects/ppc/Neo4j/lib/neo4j-browser-2.0.0-M10.jar
2017-01-14 22:30:25.929+0000 INFO  [o.n.k.i.DiagnosticsManager]  [classpath] /Users/Federico/Desktop/Federico/Università/WebProjects/ppc/Neo4j/lib/neo4j-command-line-3.1.0.jar
2017-01-14 22:30:25.929+0000 INFO  [o.n.k.i.DiagnosticsManager]  [classpath] /Users/Federico/Desktop/Federico/Università/WebProjects/ppc/Neo4j/lib/bcpkix-jdk15on-1.53.jar
2017-01-14 22:30:25.929+0000 INFO  [o.n.k.i.DiagnosticsManager]  [loader.0] file:/Users/Federico/Desktop/Federico/Universit%c3%a0/WebProjects/ppc/Neo4j/lib/slf4j-api-1.7.7.jar
2017-01-14 22:30:25.929+0000 INFO  [o.n.k.i.DiagnosticsManager]  [classpath] /Users/Federico/Desktop/Federico/Università/WebProjects/ppc/Neo4j/lib/metrics-graphite-3.1.2.jar
2017-01-14 22:30:25.929+0000 INFO  [o.n.k.i.DiagnosticsManager]  [loader.0] file:/Users/Federico/Desktop/Federico/Universit%c3%a0/WebProjects/ppc/Neo4j/lib/neo4j-security-enterprise-3.1.0.jar
2017-01-14 22:30:25.929+0000 INFO  [o.n.k.i.DiagnosticsManager]  [loader.0] file:/Users/Federico/Desktop/Federico/Universit%c3%a0/WebProjects/ppc/Neo4j/lib/jackson-jaxrs-1.9.13.jar
2017-01-14 22:30:25.929+0000 INFO  [o.n.k.i.DiagnosticsManager]  [loader.0] file:/Users/Federico/Desktop/Federico/Universit%c3%a0/WebProjects/ppc/Neo4j/lib/neo4j-common-3.1.0.jar
2017-01-14 22:30:25.929+0000 INFO  [o.n.k.i.DiagnosticsManager]  [loader.0] file:/Users/Federico/Desktop/Federico/Universit%c3%a0/WebProjects/ppc/Neo4j/lib/jackson-mapper-asl-1.9.13.jar
2017-01-14 22:30:25.929+0000 INFO  [o.n.k.i.DiagnosticsManager]  [classpath] /Users/Federico/Desktop/Federico/Università/WebProjects/ppc/Neo4j/lib/neo4j-management-3.1.0.jar
2017-01-14 22:30:25.929+0000 INFO  [o.n.k.i.DiagnosticsManager]  [loader.0] file:/Users/Federico/Desktop/Federico/Universit%c3%a0/WebProjects/ppc/Neo4j/lib/neo4j-cypher-compiler-2.3-2.3.7.jar
2017-01-14 22:30:25.929+0000 INFO  [o.n.k.i.DiagnosticsManager]  [classpath] /Users/Federico/Desktop/Federico/Università/WebProjects/ppc/Neo4j/lib/shiro-core-1.3.2.jar
2017-01-14 22:30:25.929+0000 INFO  [o.n.k.i.DiagnosticsManager]  [loader.0] file:/Users/Federico/Desktop/Federico/Universit%c3%a0/WebProjects/ppc/Neo4j/lib/neo4j-import-tool-3.1.0.jar
2017-01-14 22:30:25.929+0000 INFO  [o.n.k.i.DiagnosticsManager]  [loader.0] file:/Users/Federico/Desktop/Federico/Universit%c3%a0/WebProjects/ppc/Neo4j/lib/shiro-core-1.3.2.jar
2017-01-14 22:30:25.929+0000 INFO  [o.n.k.i.DiagnosticsManager]  [loader.0] file:/Users/Federico/Desktop/Federico/Universit%c3%a0/WebProjects/ppc/Neo4j/lib/neo4j-unsafe-3.1.0.jar
2017-01-14 22:30:25.929+0000 INFO  [o.n.k.i.DiagnosticsManager]  [loader.0] file:/Users/Federico/Desktop/Federico/Universit%c3%a0/WebProjects/ppc/Neo4j/lib/commons-io-2.4.jar
2017-01-14 22:30:25.929+0000 INFO  [o.n.k.i.DiagnosticsManager]  [classpath] /Users/Federico/Desktop/Federico/Università/WebProjects/ppc/Neo4j/lib/jackson-jaxrs-1.9.13.jar
2017-01-14 22:30:25.929+0000 INFO  [o.n.k.i.DiagnosticsManager]  [classpath] /Users/Federico/Desktop/Federico/Università/WebProjects/ppc/Neo4j/lib/commons-beanutils-1.8.3.jar
2017-01-14 22:30:25.929+0000 INFO  [o.n.k.i.DiagnosticsManager]  [loader.0] file:/Users/Federico/Desktop/Federico/Universit%c3%a0/WebProjects/ppc/Neo4j/lib/caffeine-2.3.3.jar
2017-01-14 22:30:25.929+0000 INFO  [o.n.k.i.DiagnosticsManager]  [classpath] /Users/Federico/Desktop/Federico/Università/WebProjects/ppc/Neo4j/lib/neo4j-cluster-3.1.0.jar
2017-01-14 22:30:25.929+0000 INFO  [o.n.k.i.DiagnosticsManager]  [classpath] /Users/Federico/Desktop/Federico/Università/WebProjects/ppc/Neo4j/lib/bcprov-jdk15on-1.53.jar
2017-01-14 22:30:25.929+0000 INFO  [o.n.k.i.DiagnosticsManager]  [classpath] /Users/Federico/Desktop/Federico/Università/WebProjects/ppc/Neo4j/lib/parboiled-core-1.1.7.jar
2017-01-14 22:30:25.929+0000 INFO  [o.n.k.i.DiagnosticsManager]  [loader.0] file:/Users/Federico/Desktop/Federico/Universit%c3%a0/WebProjects/ppc/Neo4j/lib/scala-library-2.11.8.jar
2017-01-14 22:30:25.929+0000 INFO  [o.n.k.i.DiagnosticsManager]  [classpath] /Users/Federico/Desktop/Federico/Università/WebProjects/ppc/Neo4j/lib/neo4j-bolt-3.1.0.jar
2017-01-14 22:30:25.929+0000 INFO  [o.n.k.i.DiagnosticsManager]  [classpath] /Users/Federico/Desktop/Federico/Università/WebProjects/ppc/Neo4j/lib/neo4j-metrics-3.1.0.jar
2017-01-14 22:30:25.929+0000 INFO  [o.n.k.i.DiagnosticsManager]  [loader.0] file:/Users/Federico/Desktop/Federico/Universit%c3%a0/WebProjects/ppc/Neo4j/lib/commons-lang3-3.3.2.jar
2017-01-14 22:30:25.929+0000 INFO  [o.n.k.i.DiagnosticsManager]  [loader.0] file:/Users/Federico/Desktop/Federico/Universit%c3%a0/WebProjects/ppc/Neo4j/lib/concurrentlinkedhashmap-lru-1.4.2.jar
2017-01-14 22:30:25.929+0000 INFO  [o.n.k.i.DiagnosticsManager]  [classpath] /Users/Federico/Desktop/Federico/Università/WebProjects/ppc/Neo4j/lib/neo4j-shell-3.1.0.jar
2017-01-14 22:30:25.929+0000 INFO  [o.n.k.i.DiagnosticsManager]  [loader.0] file:/Users/Federico/Desktop/Federico/Universit%c3%a0/WebProjects/ppc/Neo4j/lib/neo4j-bolt-3.1.0.jar
2017-01-14 22:30:25.929+0000 INFO  [o.n.k.i.DiagnosticsManager]  [classpath] /Users/Federico/Desktop/Federico/Università/WebProjects/ppc/Neo4j/lib/rhino-1.7R4.jar
2017-01-14 22:30:25.929+0000 INFO  [o.n.k.i.DiagnosticsManager]  [classpath] /Users/Federico/Desktop/Federico/Università/WebProjects/ppc/Neo4j/lib/commons-digester-2.1.jar
2017-01-14 22:30:25.929+0000 INFO  [o.n.k.i.DiagnosticsManager]  [classpath] /Users/Federico/Desktop/Federico/Università/WebProjects/ppc/Neo4j/conf
2017-01-14 22:30:25.930+0000 INFO  [o.n.k.i.DiagnosticsManager]  [classpath] /Users/Federico/Desktop/Federico/Università/WebProjects/ppc/Neo4j/lib/slf4j-api-1.7.7.jar
2017-01-14 22:30:25.930+0000 INFO  [o.n.k.i.DiagnosticsManager]  [classpath] /Users/Federico/Desktop/Federico/Università/WebProjects/ppc/Neo4j/lib/neo4j-collections-3.1.0.jar
2017-01-14 22:30:25.930+0000 INFO  [o.n.k.i.DiagnosticsManager]  [loader.0] file:/Users/Federico/Desktop/Federico/Universit%c3%a0/WebProjects/ppc/Neo4j/lib/neo4j-primitive-collections-3.1.0.jar
2017-01-14 22:30:25.930+0000 INFO  [o.n.k.i.DiagnosticsManager]  [classpath] /Users/Federico/Desktop/Federico/Università/WebProjects/ppc/Neo4j/lib/neo4j-graphdb-api-3.1.0.jar
2017-01-14 22:30:25.930+0000 INFO  [o.n.k.i.DiagnosticsManager]  [classpath] /Users/Federico/Desktop/Federico/Università/WebProjects/ppc/Neo4j/lib/neo4j-kernel-3.1.0.jar
2017-01-14 22:30:25.930+0000 INFO  [o.n.k.i.DiagnosticsManager]  [loader.0] file:/Users/Federico/Desktop/Federico/Universit%c3%a0/WebProjects/ppc/Neo4j/lib/javax.servlet-api-3.1.0.jar
2017-01-14 22:30:25.930+0000 INFO  [o.n.k.i.DiagnosticsManager]  [loader.0] file:/Users/Federico/Desktop/Federico/Universit%c3%a0/WebProjects/ppc/Neo4j/lib/commons-lang-2.6.jar
2017-01-14 22:30:25.930+0000 INFO  [o.n.k.i.DiagnosticsManager]  [bootstrap] /Library/Java/JavaVirtualMachines/jdk1.8.0_111.jdk/Contents/Home/jre/lib/rt.jar
2017-01-14 22:30:25.930+0000 INFO  [o.n.k.i.DiagnosticsManager]  [classpath] /Users/Federico/Desktop/Federico/Università/WebProjects/ppc/Neo4j/lib/neo4j-csv-3.1.0.jar
2017-01-14 22:30:25.930+0000 INFO  [o.n.k.i.DiagnosticsManager]  [classpath] /Users/Federico/Desktop/Federico/Università/WebProjects/ppc/Neo4j/lib/neo4j-cypher-3.1.0.jar
2017-01-14 22:30:25.930+0000 INFO  [o.n.k.i.DiagnosticsManager]  [loader.1] file:/Library/Java/JavaVirtualMachines/jdk1.8.0_111.jdk/Contents/Home/jre/lib/ext/sunpkcs11.jar
2017-01-14 22:30:25.930+0000 INFO  [o.n.k.i.DiagnosticsManager]  [loader.0] file:/Users/Federico/Desktop/Federico/Universit%c3%a0/WebProjects/ppc/Neo4j/lib/commons-logging-1.1.1.jar
2017-01-14 22:30:25.930+0000 INFO  [o.n.k.i.DiagnosticsManager]  [bootstrap] /Library/Java/JavaVirtualMachines/jdk1.8.0_111.jdk/Contents/Home/jre/lib/charsets.jar
2017-01-14 22:30:25.930+0000 INFO  [o.n.k.i.DiagnosticsManager]  [loader.1] file:/Library/Java/JavaVirtualMachines/jdk1.8.0_111.jdk/Contents/Home/jre/lib/ext/sunec.jar
2017-01-14 22:30:25.930+0000 INFO  [o.n.k.i.DiagnosticsManager]  [classpath] /Users/Federico/Desktop/Federico/Università/WebProjects/ppc/Neo4j/lib/jsr311-api-1.1.2.r612.jar
2017-01-14 22:30:25.930+0000 INFO  [o.n.k.i.DiagnosticsManager]  [loader.0] file:/Users/Federico/Desktop/Federico/Universit%c3%a0/WebProjects/ppc/Neo4j/lib/bcpkix-jdk15on-1.53.jar
2017-01-14 22:30:25.930+0000 INFO  [o.n.k.i.DiagnosticsManager]  [loader.0] file:/Users/Federico/Desktop/Federico/Universit%c3%a0/WebProjects/ppc/Neo4j/lib/neo4j-security-3.1.0.jar
2017-01-14 22:30:25.930+0000 INFO  [o.n.k.i.DiagnosticsManager]  [classpath] /Users/Federico/Desktop/Federico/Università/WebProjects/ppc/Neo4j/lib/asm-5.0.4.jar
2017-01-14 22:30:25.931+0000 INFO  [o.n.k.i.DiagnosticsManager]  [classpath] /Users/Federico/Desktop/Federico/Università/WebProjects/ppc/Neo4j/lib/commons-lang-2.6.jar
2017-01-14 22:30:25.931+0000 INFO  [o.n.k.i.DiagnosticsManager]  [loader.1] file:/System/Library/Java/Extensions/MRJToolkit.jar
2017-01-14 22:30:25.931+0000 INFO  [o.n.k.i.DiagnosticsManager]  [classpath] /Users/Federico/Desktop/Federico/Università/WebProjects/ppc/Neo4j/lib/jersey-server-1.19.jar
2017-01-14 22:30:25.931+0000 INFO  [o.n.k.i.DiagnosticsManager]  [loader.0] file:/Users/Federico/Desktop/Federico/Universit%c3%a0/WebProjects/ppc/Neo4j/lib/jersey-core-1.19.jar
2017-01-14 22:30:25.931+0000 INFO  [o.n.k.i.DiagnosticsManager]  [classpath] /Users/Federico/Desktop/Federico/Università/WebProjects/ppc/Neo4j/lib/neo4j-security-enterprise-3.1.0.jar
2017-01-14 22:30:25.931+0000 INFO  [o.n.k.i.DiagnosticsManager]  [classpath] /Users/Federico/Desktop/Federico/Università/WebProjects/ppc/Neo4j/lib/jetty-util-9.2.9.v20150224.jar
2017-01-14 22:30:25.931+0000 INFO  [o.n.k.i.DiagnosticsManager]  [classpath] /Users/Federico/Desktop/Federico/Università/WebProjects/ppc/Neo4j/lib/jersey-core-1.19.jar
2017-01-14 22:30:25.931+0000 INFO  [o.n.k.i.DiagnosticsManager]  [loader.0] file:/Users/Federico/Desktop/Federico/Universit%c3%a0/WebProjects/ppc/Neo4j/lib/opencsv-2.3.jar
2017-01-14 22:30:25.931+0000 INFO  [o.n.k.i.DiagnosticsManager]  [classpath] /Users/Federico/Desktop/Federico/Università/WebProjects/ppc/Neo4j/lib/commons-lang3-3.3.2.jar
2017-01-14 22:30:25.931+0000 INFO  [o.n.k.i.DiagnosticsManager]  [loader.0] file:/Users/Federico/Desktop/Federico/Universit%c3%a0/WebProjects/ppc/Neo4j/lib/neo4j-metrics-3.1.0.jar
2017-01-14 22:30:25.931+0000 INFO  [o.n.k.i.DiagnosticsManager]  [loader.0] file:/Users/Federico/Desktop/Federico/Universit%c3%a0/WebProjects/ppc/Neo4j/lib/neo4j-browser-2.0.0-M10.jar
2017-01-14 22:30:25.931+0000 INFO  [o.n.k.i.DiagnosticsManager]  [classpath] /Users/Federico/Desktop/Federico/Università/WebProjects/ppc/Neo4j/lib/neo4j-lucene-index-3.1.0.jar
2017-01-14 22:30:25.931+0000 INFO  [o.n.k.i.DiagnosticsManager]  [loader.0] file:/Users/Federico/Desktop/Federico/Universit%c3%a0/WebProjects/ppc/Neo4j/lib/neo4j-server-3.1.0.jar
2017-01-14 22:30:25.931+0000 INFO  [o.n.k.i.DiagnosticsManager]  [classpath] /Users/Federico/Desktop/Federico/Università/WebProjects/ppc/Neo4j/lib/lucene-queryparser-5.5.0.jar
2017-01-14 22:30:25.931+0000 INFO  [o.n.k.i.DiagnosticsManager]  [classpath] /Users/Federico/Desktop/Federico/Università/WebProjects/ppc/Neo4j/lib/neo4j-import-tool-3.1.0.jar
2017-01-14 22:30:25.931+0000 INFO  [o.n.k.i.DiagnosticsManager]  [loader.1] file:/Library/Java/JavaVirtualMachines/jdk1.8.0_111.jdk/Contents/Home/jre/lib/ext/nashorn.jar
2017-01-14 22:30:25.931+0000 INFO  [o.n.k.i.DiagnosticsManager]  [loader.0] file:/Users/Federico/Desktop/Federico/Universit%c3%a0/WebProjects/ppc/Neo4j/lib/neo4j-logging-3.1.0.jar
2017-01-14 22:30:25.931+0000 INFO  [o.n.k.i.DiagnosticsManager]  [loader.0] file:/Users/Federico/Desktop/Federico/Universit%c3%a0/WebProjects/ppc/Neo4j/lib/neo4j-consistency-check-3.1.0.jar
2017-01-14 22:30:25.931+0000 INFO  [o.n.k.i.DiagnosticsManager]  [classpath] /Users/Federico/Desktop/Federico/Università/WebProjects/ppc/Neo4j/lib/jackson-core-asl-1.9.13.jar
2017-01-14 22:30:25.931+0000 INFO  [o.n.k.i.DiagnosticsManager]  [classpath] /Users/Federico/Desktop/Federico/Università/WebProjects/ppc/Neo4j/lib/jersey-multipart-1.19.jar
2017-01-14 22:30:25.932+0000 INFO  [o.n.k.i.DiagnosticsManager]  [loader.0] file:/Users/Federico/Desktop/Federico/Universit%c3%a0/WebProjects/ppc/Neo4j/lib/neo4j-collections-3.1.0.jar
2017-01-14 22:30:25.932+0000 INFO  [o.n.k.i.DiagnosticsManager]  [loader.0] file:/Users/Federico/Desktop/Federico/Universit%c3%a0/WebProjects/ppc/Neo4j/lib/neo4j-jmx-3.1.0.jar
2017-01-14 22:30:25.932+0000 INFO  [o.n.k.i.DiagnosticsManager]  [classpath] /Users/Federico/Desktop/Federico/Università/WebProjects/ppc/Neo4j/lib/commons-compress-1.12.jar
2017-01-14 22:30:25.932+0000 INFO  [o.n.k.i.DiagnosticsManager]  [loader.0] file:/Users/Federico/Desktop/Federico/Universit%c3%a0/WebProjects/ppc/Neo4j/lib/jetty-servlet-9.2.9.v20150224.jar
2017-01-14 22:30:25.932+0000 INFO  [o.n.k.i.DiagnosticsManager]  [loader.0] file:/Users/Federico/Desktop/Federico/Universit%c3%a0/WebProjects/ppc/Neo4j/lib/neo4j-csv-3.1.0.jar
2017-01-14 22:30:25.932+0000 INFO  [o.n.k.i.DiagnosticsManager]  [loader.1] file:/Library/Java/JavaVirtualMachines/jdk1.8.0_111.jdk/Contents/Home/jre/lib/ext/dnsns.jar
2017-01-14 22:30:25.932+0000 INFO  [o.n.k.i.DiagnosticsManager]  [loader.0] file:/Users/Federico/Desktop/Federico/Universit%c3%a0/WebProjects/ppc/Neo4j/lib/neo4j-resource-3.1.0.jar
2017-01-14 22:30:25.932+0000 INFO  [o.n.k.i.DiagnosticsManager]  [loader.0] file:/Users/Federico/Desktop/Federico/Universit%c3%a0/WebProjects/ppc/Neo4j/lib/neo4j-server-enterprise-3.1.0.jar
2017-01-14 22:30:25.932+0000 INFO  [o.n.k.i.DiagnosticsManager]  [loader.1] file:/Library/Java/JavaVirtualMachines/jdk1.8.0_111.jdk/Contents/Home/jre/lib/ext/jaccess.jar
2017-01-14 22:30:25.932+0000 INFO  [o.n.k.i.DiagnosticsManager]  [loader.0] file:/Users/Federico/Desktop/Federico/Universit%c3%a0/WebProjects/ppc/Neo4j/lib/metrics-core-3.1.2.jar
2017-01-14 22:30:25.932+0000 INFO  [o.n.k.i.DiagnosticsManager]  [loader.0] file:/Users/Federico/Desktop/Federico/Universit%c3%a0/WebProjects/ppc/Neo4j/plugins/
2017-01-14 22:30:25.932+0000 INFO  [o.n.k.i.DiagnosticsManager]  [loader.0] file:/Users/Federico/Desktop/Federico/Universit%c3%a0/WebProjects/ppc/Neo4j/lib/neo4j-shell-3.1.0.jar
2017-01-14 22:30:25.932+0000 INFO  [o.n.k.i.DiagnosticsManager]  [bootstrap] /Library/Java/JavaVirtualMachines/jdk1.8.0_111.jdk/Contents/Home/jre/classes
2017-01-14 22:30:25.932+0000 INFO  [o.n.k.i.DiagnosticsManager]  [loader.0] file:/Users/Federico/Desktop/Federico/Universit%c3%a0/WebProjects/ppc/Neo4j/lib/scala-reflect-2.11.8.jar
2017-01-14 22:30:25.932+0000 INFO  [o.n.k.i.DiagnosticsManager]  [classpath] /Users/Federico/Desktop/Federico/Università/WebProjects/ppc/Neo4j/lib/scala-reflect-2.11.8.jar
2017-01-14 22:30:25.932+0000 INFO  [o.n.k.i.DiagnosticsManager]  [classpath] /Users/Federico/Desktop/Federico/Università/WebProjects/ppc/Neo4j/lib/lucene-core-5.5.0.jar
2017-01-14 22:30:25.932+0000 INFO  [o.n.k.i.DiagnosticsManager]  [loader.0] file:/Users/Federico/Desktop/Federico/Universit%c3%a0/WebProjects/ppc/Neo4j/lib/commons-beanutils-1.8.3.jar
2017-01-14 22:30:25.935+0000 INFO  [o.n.k.i.DiagnosticsManager]  [classpath] /Users/Federico/Desktop/Federico/Università/WebProjects/ppc/Neo4j/lib/neo4j-graph-algo-3.1.0.jar
2017-01-14 22:30:25.935+0000 INFO  [o.n.k.i.DiagnosticsManager]  [classpath] /Users/Federico/Desktop/Federico/Università/WebProjects/ppc/Neo4j/lib/neo4j-logging-3.1.0.jar
2017-01-14 22:30:25.935+0000 INFO  [o.n.k.i.DiagnosticsManager]  [loader.0] file:/Users/Federico/Desktop/Federico/Universit%c3%a0/WebProjects/ppc/Neo4j/lib/hazelcast-all-3.7.2.jar
2017-01-14 22:30:25.935+0000 INFO  [o.n.k.i.DiagnosticsManager]  [classpath] /Users/Federico/Desktop/Federico/Università/WebProjects/ppc/Neo4j/lib/neo4j-com-3.1.0.jar
2017-01-14 22:30:25.935+0000 INFO  [o.n.k.i.DiagnosticsManager]  [loader.0] file:/Users/Federico/Desktop/Federico/Universit%c3%a0/WebProjects/ppc/Neo4j/lib/neo4j-cypher-frontend-3.0-3.0.7.jar
2017-01-14 22:30:25.935+0000 INFO  [o.n.k.i.DiagnosticsManager]  [loader.1] file:/Library/Java/JavaVirtualMachines/jdk1.8.0_111.jdk/Contents/Home/jre/lib/ext/jfxrt.jar
2017-01-14 22:30:25.935+0000 INFO  [o.n.k.i.DiagnosticsManager]  [loader.0] file:/Users/Federico/Desktop/Federico/Universit%c3%a0/WebProjects/ppc/Neo4j/lib/neo4j-management-3.1.0.jar
2017-01-14 22:30:25.935+0000 INFO  [o.n.k.i.DiagnosticsManager]  [loader.0] file:/Users/Federico/Desktop/Federico/Universit%c3%a0/WebProjects/ppc/Neo4j/lib/lucene-analyzers-common-5.5.0.jar
2017-01-14 22:30:25.935+0000 INFO  [o.n.k.i.DiagnosticsManager]  [loader.0] file:/Users/Federico/Desktop/Federico/Universit%c3%a0/WebProjects/ppc/Neo4j/lib/neo4j-cypher-frontend-2.3-2.3.7.jar
2017-01-14 22:30:25.935+0000 INFO  [o.n.k.i.DiagnosticsManager]  [classpath] /Users/Federico/Desktop/Federico/Università/WebProjects/ppc/Neo4j/lib/opencsv-2.3.jar
2017-01-14 22:30:25.935+0000 INFO  [o.n.k.i.DiagnosticsManager]  [classpath] /Users/Federico/Desktop/Federico/Università/WebProjects/ppc/Neo4j/lib/javax.servlet-api-3.1.0.jar
2017-01-14 22:30:25.940+0000 INFO  [o.n.k.i.DiagnosticsManager]  [loader.0] file:/Users/Federico/Desktop/Federico/Universit%c3%a0/WebProjects/ppc/Neo4j/lib/neo4j-graphdb-api-3.1.0.jar
2017-01-14 22:30:25.940+0000 INFO  [o.n.k.i.DiagnosticsManager]  [bootstrap] /Library/Java/JavaVirtualMachines/jdk1.8.0_111.jdk/Contents/Home/jre/lib/jsse.jar
2017-01-14 22:30:25.940+0000 INFO  [o.n.k.i.DiagnosticsManager]  [loader.0] file:/Users/Federico/Desktop/Federico/Universit%c3%a0/WebProjects/ppc/Neo4j/lib/jetty-http-9.2.9.v20150224.jar
2017-01-14 22:30:25.940+0000 INFO  [o.n.k.i.DiagnosticsManager]  [bootstrap] /Library/Java/JavaVirtualMachines/jdk1.8.0_111.jdk/Contents/Home/jre/lib/resources.jar
2017-01-14 22:30:25.940+0000 INFO  [o.n.k.i.DiagnosticsManager]  [classpath] /Users/Federico/Desktop/Federico/Università/WebProjects/ppc/Neo4j/lib/lucene-analyzers-common-5.5.0.jar
2017-01-14 22:30:25.940+0000 INFO  [o.n.k.i.DiagnosticsManager]  [loader.0] file:/Users/Federico/Desktop/Federico/Universit%c3%a0/WebProjects/ppc/Neo4j/lib/parboiled-scala_2.11-1.1.7.jar
2017-01-14 22:30:25.940+0000 INFO  [o.n.k.i.DiagnosticsManager]  [loader.0] file:/Users/Federico/Desktop/Federico/Universit%c3%a0/WebProjects/ppc/Neo4j/lib/neo4j-cypher-frontend-3.1-3.1.0.jar
2017-01-14 22:30:25.940+0000 INFO  [o.n.k.i.DiagnosticsManager]  [loader.0] file:/Users/Federico/Desktop/Federico/Universit%c3%a0/WebProjects/ppc/Neo4j/lib/jersey-server-1.19.jar
2017-01-14 22:30:25.940+0000 INFO  [o.n.k.i.DiagnosticsManager]  [classpath] /Users/Federico/Desktop/Federico/Università/WebProjects/ppc/Neo4j/lib/neo4j-enterprise-kernel-3.1.0.jar
2017-01-14 22:30:25.940+0000 INFO  [o.n.k.i.DiagnosticsManager]  [classpath] /Users/Federico/Desktop/Federico/Università/WebProjects/ppc/Neo4j/plugins/apoc-3.1.0.3-all.jar
2017-01-14 22:30:25.940+0000 INFO  [o.n.k.i.DiagnosticsManager]  [loader.0] file:/Users/Federico/Desktop/Federico/Universit%c3%a0/WebProjects/ppc/Neo4j/lib/neo4j-kernel-3.1.0.jar
2017-01-14 22:30:25.940+0000 INFO  [o.n.k.i.DiagnosticsManager]  [loader.0] file:/Users/Federico/Desktop/Federico/Universit%c3%a0/WebProjects/ppc/Neo4j/lib/jersey-multipart-1.19.jar
2017-01-14 22:30:25.940+0000 INFO  [o.n.k.i.DiagnosticsManager]  [classpath] /Users/Federico/Desktop/Federico/Università/WebProjects/ppc/Neo4j/lib/neo4j-cypher-frontend-3.1-3.1.0.jar
2017-01-14 22:30:25.940+0000 INFO  [o.n.k.i.DiagnosticsManager]  [loader.0] file:/Users/Federico/Desktop/Federico/Universit%c3%a0/WebProjects/ppc/Neo4j/conf/
2017-01-14 22:30:25.940+0000 INFO  [o.n.k.i.DiagnosticsManager]  [loader.0] file:/Users/Federico/Desktop/Federico/Universit%c3%a0/WebProjects/ppc/Neo4j/lib/jetty-xml-9.2.9.v20150224.jar
2017-01-14 22:30:25.940+0000 INFO  [o.n.k.i.DiagnosticsManager]  [classpath] /Users/Federico/Desktop/Federico/Università/WebProjects/ppc/Neo4j/lib/neo4j-cypher-frontend-2.3-2.3.7.jar
2017-01-14 22:30:25.940+0000 INFO  [o.n.k.i.DiagnosticsManager]  [loader.0] file:/Users/Federico/Desktop/Federico/Universit%c3%a0/WebProjects/ppc/Neo4j/lib/jline-2.12.jar
2017-01-14 22:30:25.940+0000 INFO  [o.n.k.i.DiagnosticsManager]  [bootstrap] /Library/Java/JavaVirtualMachines/jdk1.8.0_111.jdk/Contents/Home/jre/lib/jfr.jar
2017-01-14 22:30:25.940+0000 INFO  [o.n.k.i.DiagnosticsManager]  [loader.0] file:/Users/Federico/Desktop/Federico/Universit%c3%a0/WebProjects/ppc/Neo4j/lib/metrics-graphite-3.1.2.jar
2017-01-14 22:30:25.940+0000 INFO  [o.n.k.i.DiagnosticsManager]  [loader.0] file:/Users/Federico/Desktop/Federico/Universit%c3%a0/WebProjects/ppc/Neo4j/plugins/apoc-3.1.0.3-all.jar
2017-01-14 22:30:25.940+0000 INFO  [o.n.k.i.DiagnosticsManager]  [loader.0] file:/Users/Federico/Desktop/Federico/Universit%c3%a0/WebProjects/ppc/Neo4j/lib/server-api-3.1.0.jar
2017-01-14 22:30:25.941+0000 INFO  [o.n.k.i.DiagnosticsManager]  [classpath] /Users/Federico/Desktop/Federico/Università/WebProjects/ppc/Neo4j/lib/neo4j-cypher-frontend-3.0-3.0.7.jar
2017-01-14 22:30:25.941+0000 INFO  [o.n.k.i.DiagnosticsManager]  [loader.0] file:/Users/Federico/Desktop/Federico/Universit%c3%a0/WebProjects/ppc/Neo4j/lib/lucene-queryparser-5.5.0.jar
2017-01-14 22:30:25.941+0000 INFO  [o.n.k.i.DiagnosticsManager]  [classpath] /Users/Federico/Desktop/Federico/Università/WebProjects/ppc/Neo4j/lib/hazelcast-all-3.7.2.jar
2017-01-14 22:30:25.941+0000 INFO  [o.n.k.i.DiagnosticsManager]  [classpath] /Users/Federico/Desktop/Federico/Università/WebProjects/ppc/Neo4j/lib/commons-configuration-1.10.jar
2017-01-14 22:30:25.941+0000 INFO  [o.n.k.i.DiagnosticsManager]  [classpath] /Users/Federico/Desktop/Federico/Università/WebProjects/ppc/Neo4j/lib/commons-io-2.4.jar
2017-01-14 22:30:25.941+0000 INFO  [o.n.k.i.DiagnosticsManager]  [loader.0] file:/Users/Federico/Desktop/Federico/Universit%c3%a0/WebProjects/ppc/Neo4j/lib/neo4j-enterprise-kernel-3.1.0.jar
2017-01-14 22:30:25.941+0000 INFO  [o.n.k.i.DiagnosticsManager]  [loader.0] file:/Users/Federico/Desktop/Federico/Universit%c3%a0/WebProjects/ppc/Neo4j/lib/jetty-io-9.2.9.v20150224.jar
2017-01-14 22:30:25.941+0000 INFO  [o.n.k.i.DiagnosticsManager]  [loader.0] file:/Users/Federico/Desktop/Federico/Universit%c3%a0/WebProjects/ppc/Neo4j/lib/parboiled-core-1.1.7.jar
2017-01-14 22:30:25.941+0000 INFO  [o.n.k.i.DiagnosticsManager]  [classpath] /Users/Federico/Desktop/Federico/Università/WebProjects/ppc/Neo4j/lib/neo4j-unsafe-3.1.0.jar
2017-01-14 22:30:25.941+0000 INFO  [o.n.k.i.DiagnosticsManager]  [classpath] /Users/Federico/Desktop/Federico/Università/WebProjects/ppc/Neo4j/lib/commons-logging-1.1.1.jar
2017-01-14 22:30:25.941+0000 INFO  [o.n.k.i.DiagnosticsManager]  [classpath] /Users/Federico/Desktop/Federico/Università/WebProjects/ppc/Neo4j/lib/lucene-codecs-5.5.0.jar
2017-01-14 22:30:25.941+0000 INFO  [o.n.k.i.DiagnosticsManager]  [classpath] /Users/Federico/Desktop/Federico/Università/WebProjects/ppc/Neo4j/lib/scala-library-2.11.8.jar
2017-01-14 22:30:25.941+0000 INFO  [o.n.k.i.DiagnosticsManager]  [loader.0] file:/Users/Federico/Desktop/Federico/Universit%c3%a0/WebProjects/ppc/Neo4j/lib/neo4j-query-logging-3.1.0.jar
2017-01-14 22:30:25.941+0000 INFO  [o.n.k.i.DiagnosticsManager]  [loader.0] file:/Users/Federico/Desktop/Federico/Universit%c3%a0/WebProjects/ppc/Neo4j/lib/neo4j-backup-3.1.0.jar
2017-01-14 22:30:25.941+0000 INFO  [o.n.k.i.DiagnosticsManager]  [loader.0] file:/Users/Federico/Desktop/Federico/Universit%c3%a0/WebProjects/ppc/Neo4j/lib/neo4j-lucene-index-3.1.0.jar
2017-01-14 22:30:25.941+0000 INFO  [o.n.k.i.DiagnosticsManager]  [classpath] /Users/Federico/Desktop/Federico/Università/WebProjects/ppc/Neo4j/lib/neo4j-causal-clustering-3.1.0.jar
2017-01-14 22:30:25.941+0000 INFO  [o.n.k.i.DiagnosticsManager]  [classpath] /Users/Federico/Desktop/Federico/Università/WebProjects/ppc/Neo4j/lib/server-api-3.1.0.jar
2017-01-14 22:30:25.941+0000 INFO  [o.n.k.i.DiagnosticsManager]  [classpath] /Users/Federico/Desktop/Federico/Università/WebProjects/ppc/Neo4j/lib/mimepull-1.9.3.jar
2017-01-14 22:30:25.941+0000 INFO  [o.n.k.i.DiagnosticsManager]  [classpath] /Users/Federico/Desktop/Federico/Università/WebProjects/ppc/Neo4j/lib/netty-all-4.1.6.Final.jar
2017-01-14 22:30:25.941+0000 INFO  [o.n.k.i.DiagnosticsManager]  [loader.0] file:/Users/Federico/Desktop/Federico/Universit%c3%a0/WebProjects/ppc/Neo4j/lib/commons-compress-1.12.jar
2017-01-14 22:30:25.941+0000 INFO  [o.n.k.i.DiagnosticsManager]  [loader.0] file:/Users/Federico/Desktop/Federico/Universit%c3%a0/WebProjects/ppc/Neo4j/lib/neo4j-cluster-3.1.0.jar
2017-01-14 22:30:25.941+0000 INFO  [o.n.k.i.DiagnosticsManager]  [loader.0] file:/Users/Federico/Desktop/Federico/Universit%c3%a0/WebProjects/ppc/Neo4j/lib/netty-all-4.1.6.Final.jar
2017-01-14 22:30:25.941+0000 INFO  [o.n.k.i.DiagnosticsManager]  [classpath] /Users/Federico/Desktop/Federico/Università/WebProjects/ppc/Neo4j/lib/neo4j-security-3.1.0.jar
2017-01-14 22:30:25.941+0000 INFO  [o.n.k.i.DiagnosticsManager]  [classpath] /Users/Federico/Desktop/Federico/Università/WebProjects/ppc/Neo4j/lib/jetty-servlet-9.2.9.v20150224.jar
2017-01-14 22:30:25.941+0000 INFO  [o.n.k.i.DiagnosticsManager]  [loader.0] file:/Users/Federico/Desktop/Federico/Universit%c3%a0/WebProjects/ppc/Neo4j/lib/neo4j-graph-matching-3.1.0.jar
2017-01-14 22:30:25.942+0000 INFO  [o.n.k.i.DiagnosticsManager]  [classpath] /Users/Federico/Desktop/Federico/Università/WebProjects/ppc/Neo4j/lib/neo4j-io-3.1.0.jar
2017-01-14 22:30:25.942+0000 INFO  [o.n.k.i.DiagnosticsManager]  [classpath] /Users/Federico/Desktop/Federico/Università/WebProjects/ppc/Neo4j/lib/neo4j-server-enterprise-3.1.0.jar
2017-01-14 22:30:25.942+0000 INFO  [o.n.k.i.DiagnosticsManager]  [loader.1] file:/Library/Java/JavaVirtualMachines/jdk1.8.0_111.jdk/Contents/Home/jre/lib/ext/zipfs.jar
2017-01-14 22:30:25.942+0000 INFO  [o.n.k.i.DiagnosticsManager]  [classpath] /Users/Federico/Desktop/Federico/Università/WebProjects/ppc/Neo4j/lib/neo4j-graph-matching-3.1.0.jar
2017-01-14 22:30:25.942+0000 INFO  [o.n.k.i.DiagnosticsManager]  [loader.1] file:/Library/Java/JavaVirtualMachines/jdk1.8.0_111.jdk/Contents/Home/jre/lib/ext/cldrdata.jar
2017-01-14 22:30:25.942+0000 INFO  [o.n.k.i.DiagnosticsManager]  [classpath] /Users/Federico/Desktop/Federico/Università/WebProjects/ppc/Neo4j/lib/neo4j-query-logging-3.1.0.jar
2017-01-14 22:30:25.942+0000 INFO  [o.n.k.i.DiagnosticsManager]  [classpath] /Users/Federico/Desktop/Federico/Università/WebProjects/ppc/Neo4j/lib/neo4j-common-3.1.0.jar
2017-01-14 22:30:25.942+0000 INFO  [o.n.k.i.DiagnosticsManager]  [classpath] /Users/Federico/Desktop/Federico/Università/WebProjects/ppc/Neo4j/lib/jetty-webapp-9.2.9.v20150224.jar
2017-01-14 22:30:25.942+0000 INFO  [o.n.k.i.DiagnosticsManager]  [classpath] /Users/Federico/Desktop/Federico/Università/WebProjects/ppc/Neo4j/lib/neo4j-lucene-upgrade-3.1.0.jar
2017-01-14 22:30:25.942+0000 INFO  [o.n.k.i.DiagnosticsManager]  [loader.0] file:/Users/Federico/Desktop/Federico/Universit%c3%a0/WebProjects/ppc/Neo4j/lib/commons-digester-2.1.jar
2017-01-14 22:30:25.942+0000 INFO  [o.n.k.i.DiagnosticsManager]  [loader.1] file:/Library/Java/JavaVirtualMachines/jdk1.8.0_111.jdk/Contents/Home/jre/lib/ext/sunjce_provider.jar
2017-01-14 22:30:25.942+0000 INFO  [o.n.k.i.DiagnosticsManager]  [bootstrap] /Library/Java/JavaVirtualMachines/jdk1.8.0_111.jdk/Contents/Home/jre/lib/sunrsasign.jar
2017-01-14 22:30:25.942+0000 INFO  [o.n.k.i.DiagnosticsManager]  [classpath] /Users/Federico/Desktop/Federico/Università/WebProjects/ppc/Neo4j/lib/jetty-security-9.2.9.v20150224.jar
2017-01-14 22:30:25.942+0000 INFO  [o.n.k.i.DiagnosticsManager]  [loader.0] file:/Users/Federico/Desktop/Federico/Universit%c3%a0/WebProjects/ppc/Neo4j/lib/neo4j-lucene-upgrade-3.1.0.jar
2017-01-14 22:30:25.942+0000 INFO  [o.n.k.i.DiagnosticsManager]  [bootstrap] /Library/Java/JavaVirtualMachines/jdk1.8.0_111.jdk/Contents/Home/jre/lib/jce.jar
2017-01-14 22:30:25.942+0000 INFO  [o.n.k.i.DiagnosticsManager]  [classpath] /Users/Federico/Desktop/Federico/Università/WebProjects/ppc/Neo4j/lib/jackson-mapper-asl-1.9.13.jar
2017-01-14 22:30:25.942+0000 INFO  [o.n.k.i.DiagnosticsManager]  [classpath] /Users/Federico/Desktop/Federico/Università/WebProjects/ppc/Neo4j/lib/jetty-xml-9.2.9.v20150224.jar
2017-01-14 22:30:25.942+0000 INFO  [o.n.k.i.DiagnosticsManager]  [classpath] /Users/Federico/Desktop/Federico/Università/WebProjects/ppc/Neo4j/lib/netty-3.9.9.Final.jar
2017-01-14 22:30:25.942+0000 INFO  [o.n.k.i.DiagnosticsManager]  [classpath] /Users/Federico/Desktop/Federico/Università/WebProjects/ppc/Neo4j/lib/jline-2.12.jar
2017-01-14 22:30:25.942+0000 INFO  [o.n.k.i.DiagnosticsManager]  [classpath] /Users/Federico/Desktop/Federico/Università/WebProjects/ppc/Neo4j/lib/neo4j-resource-3.1.0.jar
2017-01-14 22:30:25.942+0000 INFO  [o.n.k.i.DiagnosticsManager]  [loader.0] file:/Users/Federico/Desktop/Federico/Universit%c3%a0/WebProjects/ppc/Neo4j/lib/jsr311-api-1.1.2.r612.jar
2017-01-14 22:30:25.942+0000 INFO  [o.n.k.i.DiagnosticsManager]  [loader.0] file:/Users/Federico/Desktop/Federico/Universit%c3%a0/WebProjects/ppc/Neo4j/lib/bcprov-jdk15on-1.53.jar
2017-01-14 22:30:25.942+0000 INFO  [o.n.k.i.DiagnosticsManager]  [loader.0] file:/Users/Federico/Desktop/Federico/Universit%c3%a0/WebProjects/ppc/Neo4j/lib/neo4j-io-3.1.0.jar
2017-01-14 22:30:25.942+0000 INFO  [o.n.k.i.DiagnosticsManager]  [loader.0] file:/Users/Federico/Desktop/Federico/Universit%c3%a0/WebProjects/ppc/Neo4j/lib/neo4j-ha-3.1.0.jar
2017-01-14 22:30:25.942+0000 INFO  [o.n.k.i.DiagnosticsManager]  [classpath] /Users/Federico/Desktop/Federico/Università/WebProjects/ppc/Neo4j/plugins
2017-01-14 22:30:25.942+0000 INFO  [o.n.k.i.DiagnosticsManager]  [loader.0] file:/Users/Federico/Desktop/Federico/Universit%c3%a0/WebProjects/ppc/Neo4j/lib/jetty-server-9.2.9.v20150224.jar
2017-01-14 22:30:25.942+0000 INFO  [o.n.k.i.DiagnosticsManager]  [classpath] /Users/Federico/Desktop/Federico/Università/WebProjects/ppc/Neo4j/lib/neo4j-ha-3.1.0.jar
2017-01-14 22:30:25.942+0000 INFO  [o.n.k.i.DiagnosticsManager]  [classpath] /Users/Federico/Desktop/Federico/Università/WebProjects/ppc/Neo4j/lib/parboiled-scala_2.11-1.1.7.jar
2017-01-14 22:30:25.942+0000 INFO  [o.n.k.i.DiagnosticsManager]  [loader.0] file:/Users/Federico/Desktop/Federico/Universit%c3%a0/WebProjects/ppc/Neo4j/lib/jersey-servlet-1.19.jar
2017-01-14 22:30:25.942+0000 INFO  [o.n.k.i.DiagnosticsManager]  [loader.0] file:/Users/Federico/Desktop/Federico/Universit%c3%a0/WebProjects/ppc/Neo4j/lib/neo4j-command-line-3.1.0.jar
2017-01-14 22:30:25.942+0000 INFO  [o.n.k.i.DiagnosticsManager]  [loader.0] file:/Users/Federico/Desktop/Federico/Universit%c3%a0/WebProjects/ppc/Neo4j/lib/neo4j-udc-3.1.0.jar
2017-01-14 22:30:25.942+0000 INFO  [o.n.k.i.DiagnosticsManager]  [loader.0] file:/Users/Federico/Desktop/Federico/Universit%c3%a0/WebProjects/ppc/Neo4j/lib/rhino-1.7R4.jar
2017-01-14 22:30:25.942+0000 INFO  [o.n.k.i.DiagnosticsManager]  [loader.0] file:/Users/Federico/Desktop/Federico/Universit%c3%a0/WebProjects/ppc/Neo4j/lib/lucene-codecs-5.5.0.jar
2017-01-14 22:30:25.943+0000 INFO  [o.n.k.i.DiagnosticsManager]  [loader.0] file:/Users/Federico/Desktop/Federico/Universit%c3%a0/WebProjects/ppc/Neo4j/lib/lucene-core-5.5.0.jar
2017-01-14 22:30:25.943+0000 INFO  [o.n.k.i.DiagnosticsManager]  [loader.0] file:/Users/Federico/Desktop/Federico/Universit%c3%a0/WebProjects/ppc/Neo4j/lib/neo4j-dbms-3.1.0.jar
2017-01-14 22:30:25.943+0000 INFO  [o.n.k.i.DiagnosticsManager]  [classpath] /Users/Federico/Desktop/Federico/Università/WebProjects/ppc/Neo4j/lib/neo4j-backup-3.1.0.jar
2017-01-14 22:30:25.943+0000 INFO  [o.n.k.i.DiagnosticsManager] Library path:
2017-01-14 22:30:25.943+0000 INFO  [o.n.k.i.DiagnosticsManager] /Users/Federico/Library/Java/Extensions
2017-01-14 22:30:25.943+0000 INFO  [o.n.k.i.DiagnosticsManager] /Library/Java/Extensions
2017-01-14 22:30:25.943+0000 INFO  [o.n.k.i.DiagnosticsManager] /Network/Library/Java/Extensions
2017-01-14 22:30:25.943+0000 INFO  [o.n.k.i.DiagnosticsManager] /System/Library/Java/Extensions
2017-01-14 22:30:25.943+0000 INFO  [o.n.k.i.DiagnosticsManager] /usr/lib/java
2017-01-14 22:30:25.943+0000 INFO  [o.n.k.i.DiagnosticsManager] /Users/Federico/Desktop/Federico/Università/WebProjects/ppc/Neo4j/bin
2017-01-14 22:30:25.943+0000 INFO  [o.n.k.i.DiagnosticsManager] System.properties:
2017-01-14 22:30:25.944+0000 INFO  [o.n.k.i.DiagnosticsManager] sun.boot.library.path = /Library/Java/JavaVirtualMachines/jdk1.8.0_111.jdk/Contents/Home/jre/lib
2017-01-14 22:30:25.944+0000 INFO  [o.n.k.i.DiagnosticsManager] gopherProxySet = false
2017-01-14 22:30:25.944+0000 INFO  [o.n.k.i.DiagnosticsManager] path.separator = :
2017-01-14 22:30:25.944+0000 INFO  [o.n.k.i.DiagnosticsManager] file.encoding.pkg = sun.io
2017-01-14 22:30:25.944+0000 INFO  [o.n.k.i.DiagnosticsManager] user.country = IT
2017-01-14 22:30:25.944+0000 INFO  [o.n.k.i.DiagnosticsManager] sun.java.launcher = SUN_STANDARD
2017-01-14 22:30:25.944+0000 INFO  [o.n.k.i.DiagnosticsManager] sun.os.patch.level = unknown
2017-01-14 22:30:25.944+0000 INFO  [o.n.k.i.DiagnosticsManager] user.dir = /Users/Federico/Desktop/Federico/Università/WebProjects/ppc/Neo4j/bin
2017-01-14 22:30:25.944+0000 INFO  [o.n.k.i.DiagnosticsManager] sun.jnu.encoding = UTF-8
2017-01-14 22:30:25.944+0000 INFO  [o.n.k.i.DiagnosticsManager] unsupported.dbms.udc.source = tarball
2017-01-14 22:30:25.944+0000 INFO  [o.n.k.i.DiagnosticsManager] sun.management.compiler = HotSpot 64-Bit Tiered Compilers
2017-01-14 22:30:25.944+0000 INFO  [o.n.k.i.DiagnosticsManager] http.nonProxyHosts = local|*.local|169.254/16|*.169.254/16
2017-01-14 22:30:25.945+0000 INFO  [o.n.k.i.DiagnosticsManager] user.home = /Users/Federico
2017-01-14 22:30:25.945+0000 INFO  [o.n.k.i.DiagnosticsManager] user.timezone = Europe/Rome
2017-01-14 22:30:25.945+0000 INFO  [o.n.k.i.DiagnosticsManager] file.encoding = UTF-8
2017-01-14 22:30:25.945+0000 INFO  [o.n.k.i.DiagnosticsManager] user.name = Federico
2017-01-14 22:30:25.945+0000 INFO  [o.n.k.i.DiagnosticsManager] sun.java.command = org.neo4j.server.enterprise.EnterpriseEntryPoint --home-dir=/Users/Federico/Desktop/Federico/Università/WebProjects/ppc/Neo4j --config-dir=/Users/Federico/Desktop/Federico/Università/WebProjects/ppc/Neo4j/conf
2017-01-14 22:30:25.945+0000 INFO  [o.n.k.i.DiagnosticsManager] sun.arch.data.model = 64
2017-01-14 22:30:25.945+0000 INFO  [o.n.k.i.DiagnosticsManager] user.language = it
2017-01-14 22:30:25.945+0000 INFO  [o.n.k.i.DiagnosticsManager] awt.toolkit = sun.lwawt.macosx.LWCToolkit
2017-01-14 22:30:25.945+0000 INFO  [o.n.k.i.DiagnosticsManager] jdk.tls.ephemeralDHKeySize = 2048
2017-01-14 22:30:25.945+0000 INFO  [o.n.k.i.DiagnosticsManager] file.separator = /
2017-01-14 22:30:25.945+0000 INFO  [o.n.k.i.DiagnosticsManager] sun.io.unicode.encoding = UnicodeBig
2017-01-14 22:30:25.945+0000 INFO  [o.n.k.i.DiagnosticsManager] sun.cpu.endian = little
2017-01-14 22:30:25.945+0000 INFO  [o.n.k.i.DiagnosticsManager] socksNonProxyHosts = local|*.local|169.254/16|*.169.254/16
2017-01-14 22:30:25.945+0000 INFO  [o.n.k.i.DiagnosticsManager] ftp.nonProxyHosts = local|*.local|169.254/16|*.169.254/16
2017-01-14 22:30:25.945+0000 INFO  [o.n.k.i.DiagnosticsManager] sun.cpu.isalist = 
2017-01-14 22:30:25.945+0000 INFO  [o.n.k.i.DiagnosticsManager] Network information:
2017-01-14 22:30:25.949+0000 INFO  [o.n.k.i.DiagnosticsManager] Interface awdl0:
2017-01-14 22:30:25.950+0000 INFO  [o.n.k.i.DiagnosticsManager]     address: fe80:0:0:0:c468:d7ff:feba:376e%awdl0
2017-01-14 22:30:25.950+0000 INFO  [o.n.k.i.DiagnosticsManager] Interface en0:
2017-01-14 22:30:25.950+0000 INFO  [o.n.k.i.DiagnosticsManager]     address: fe80:0:0:0:c6b3:1ff:fed6:7fd7%en0
2017-01-14 22:30:25.950+0000 INFO  [o.n.k.i.DiagnosticsManager]     address: 192.168.1.8
2017-01-14 22:30:25.951+0000 INFO  [o.n.k.i.DiagnosticsManager] Interface lo0:
2017-01-14 22:30:25.951+0000 INFO  [o.n.k.i.DiagnosticsManager]     address: fe80:0:0:0:0:0:0:1%lo0
2017-01-14 22:30:25.951+0000 INFO  [o.n.k.i.DiagnosticsManager]     address: 0:0:0:0:0:0:0:1
2017-01-14 22:30:25.951+0000 INFO  [o.n.k.i.DiagnosticsManager]     address: 127.0.0.1
2017-01-14 22:30:25.951+0000 INFO  [o.n.k.i.DiagnosticsManager] --- INITIALIZED diagnostics END ---
2017-01-14 22:30:26.305+0000 INFO  [o.n.b.v.r.WorkerFactory] Bolt Server extension loaded.
2017-01-14 22:30:26.306+0000 INFO  [o.n.b.v.r.WorkerFactory] Bolt enabled on localhost:7687.
2017-01-14 22:30:26.357+0000 INFO  [o.n.m.MetricsExtension] Initiating metrics...
2017-01-14 22:30:26.533+0000 INFO  [o.n.k.i.s.f.RecordFormatSelector] Selected format 'RecordFormat:StandardV3_0[v0.A.7]' for the new store
2017-01-14 22:30:26.858+0000 INFO  [o.n.k.a.i.l.LuceneLabelScanStore] No lucene scan store index found, this might just be first use. Preparing to rebuild.
2017-01-14 22:30:27.005+0000 INFO  [o.n.k.NeoStoreDataSource] Opened logical log [/Users/Federico/Desktop/Federico/Università/WebProjects/ppc/Neo4j/data/databases/graph.db/neostore.transaction.db.0] version=0, lastTxId=1 (clean)
2017-01-14 22:30:27.015+0000 WARN  [o.n.k.i.s.MetaDataStore] Missing counts store, rebuilding it.
2017-01-14 22:30:27.101+0000 INFO  [o.n.k.a.i.l.LuceneLabelScanStore] Rebuilding lucene scan store, this may take a while
2017-01-14 22:30:27.112+0000 INFO  [o.n.k.a.i.l.LuceneLabelScanStore] Lucene scan store rebuilt (roughly 0 nodes)
2017-01-14 22:30:27.115+0000 INFO  [o.n.k.i.DatabaseHealth] Database health set to OK
2017-01-14 22:30:27.607+0000 INFO  [o.n.b.BackupServer] BackupServer communication server started and bound to /127.0.0.1:6362
2017-01-14 22:30:27.886+0000 WARN  [o.n.k.i.p.Procedures] Failed to load `apoc.couchbase.CouchbaseConnection` from plugin jar `/Users/Federico/Desktop/Federico/Università/WebProjects/ppc/Neo4j/plugins/apoc-3.1.0.3-all.jar`: com/couchbase/client/java/document/Document
2017-01-14 22:30:27.887+0000 WARN  [o.n.k.i.p.Procedures] Failed to load `apoc.couchbase.CouchbaseManager` from plugin jar `/Users/Federico/Desktop/Federico/Università/WebProjects/ppc/Neo4j/plugins/apoc-3.1.0.3-all.jar`: com/couchbase/client/java/env/CouchbaseEnvironment
2017-01-14 22:30:27.891+0000 WARN  [o.n.k.i.p.Procedures] Failed to load `apoc.couchbase.document.CouchbaseUtils` from plugin jar `/Users/Federico/Desktop/Federico/Università/WebProjects/ppc/Neo4j/plugins/apoc-3.1.0.3-all.jar`: com/couchbase/client/core/message/kv/MutationToken
2017-01-14 22:30:28.119+0000 WARN  [o.n.k.i.p.Procedures] Failed to load `apoc.mongodb.MongoDBColl` from plugin jar `/Users/Federico/Desktop/Federico/Università/WebProjects/ppc/Neo4j/plugins/apoc-3.1.0.3-all.jar`: org/bson/conversions/Bson
2017-01-14 22:30:28.435+0000 INFO  [o.n.k.AvailabilityGuard] Fulfilling of requirement makes database available: Database available
2017-01-14 22:30:28.436+0000 INFO  [o.n.k.i.f.GraphDatabaseFacadeFactory] Database is now ready
2017-01-14 22:30:28.437+0000 INFO  [o.n.k.i.DiagnosticsManager] --- STARTED diagnostics for KernelDiagnostics:Versions START ---
2017-01-14 22:30:28.437+0000 INFO  [o.n.k.i.DiagnosticsManager] Graph Database: enterprise single StoreId{creationTime=1484433026708, randomId=-6052871101601218071, storeVersion=15531981201765894, upgradeTime=1484433026708, upgradeId=1}
2017-01-14 22:30:28.437+0000 INFO  [o.n.k.i.DiagnosticsManager] Kernel version: 3.1.0,16a782b42d76ca37db72958eb2565cf6aa671a29
2017-01-14 22:30:28.438+0000 INFO  [o.n.k.i.DiagnosticsManager] --- STARTED diagnostics for KernelDiagnostics:Versions END ---
2017-01-14 22:30:28.440+0000 INFO  [o.n.k.i.DiagnosticsManager] --- STARTED diagnostics for NEO_STORE_VERSIONS START ---
2017-01-14 22:30:28.440+0000 INFO  [o.n.k.i.DiagnosticsManager] Store versions:
2017-01-14 22:30:28.440+0000 INFO  [o.n.k.i.DiagnosticsManager] Store versions:
2017-01-14 22:30:28.440+0000 INFO  [o.n.k.i.DiagnosticsManager]   ArrayPropertyStore v0.A.7
2017-01-14 22:30:28.440+0000 INFO  [o.n.k.i.DiagnosticsManager]   NodeStore v0.A.7
2017-01-14 22:30:28.440+0000 INFO  [o.n.k.i.DiagnosticsManager]   StringPropertyStore v0.A.7
2017-01-14 22:30:28.440+0000 INFO  [o.n.k.i.DiagnosticsManager]   PropertyIndexStore v0.A.7
2017-01-14 22:30:28.441+0000 INFO  [o.n.k.i.DiagnosticsManager]   StringPropertyStore v0.A.7
2017-01-14 22:30:28.441+0000 INFO  [o.n.k.i.DiagnosticsManager]   ArrayPropertyStore v0.A.7
2017-01-14 22:30:28.441+0000 INFO  [o.n.k.i.DiagnosticsManager]   PropertyStore v0.A.7
2017-01-14 22:30:28.441+0000 INFO  [o.n.k.i.DiagnosticsManager]   RelationshipStore v0.A.7
2017-01-14 22:30:28.441+0000 INFO  [o.n.k.i.DiagnosticsManager]   StringPropertyStore v0.A.7
2017-01-14 22:30:28.441+0000 INFO  [o.n.k.i.DiagnosticsManager]   RelationshipTypeStore v0.A.7
2017-01-14 22:30:28.441+0000 INFO  [o.n.k.i.DiagnosticsManager]   StringPropertyStore v0.A.7
2017-01-14 22:30:28.441+0000 INFO  [o.n.k.i.DiagnosticsManager]   LabelTokenStore v0.A.7
2017-01-14 22:30:28.441+0000 INFO  [o.n.k.i.DiagnosticsManager]   SchemaStore v0.A.7
2017-01-14 22:30:28.441+0000 INFO  [o.n.k.i.DiagnosticsManager]   RelationshipGroupStore v0.A.7
2017-01-14 22:30:28.441+0000 INFO  [o.n.k.i.DiagnosticsManager]   NeoStore v0.A.7
2017-01-14 22:30:28.441+0000 INFO  [o.n.k.i.DiagnosticsManager] --- STARTED diagnostics for NEO_STORE_VERSIONS END ---
2017-01-14 22:30:28.441+0000 INFO  [o.n.k.i.DiagnosticsManager] --- STARTED diagnostics for NEO_STORE_ID_USAGE START ---
2017-01-14 22:30:28.441+0000 INFO  [o.n.k.i.DiagnosticsManager] Id usage:
2017-01-14 22:30:28.441+0000 INFO  [o.n.k.i.DiagnosticsManager] Id usage:
2017-01-14 22:30:28.442+0000 INFO  [o.n.k.i.DiagnosticsManager]   ArrayPropertyStore: used=1 high=0
2017-01-14 22:30:28.442+0000 INFO  [o.n.k.i.DiagnosticsManager]   NodeStore: used=0 high=-1
2017-01-14 22:30:28.442+0000 INFO  [o.n.k.i.DiagnosticsManager]   StringPropertyStore: used=1 high=0
2017-01-14 22:30:28.442+0000 INFO  [o.n.k.i.DiagnosticsManager]   PropertyIndexStore: used=0 high=-1
2017-01-14 22:30:28.442+0000 INFO  [o.n.k.i.DiagnosticsManager]   StringPropertyStore: used=1 high=0
2017-01-14 22:30:28.442+0000 INFO  [o.n.k.i.DiagnosticsManager]   ArrayPropertyStore: used=1 high=0
2017-01-14 22:30:28.442+0000 INFO  [o.n.k.i.DiagnosticsManager]   PropertyStore: used=0 high=-1
2017-01-14 22:30:28.442+0000 INFO  [o.n.k.i.DiagnosticsManager]   RelationshipStore: used=0 high=-1
2017-01-14 22:30:28.442+0000 INFO  [o.n.k.i.DiagnosticsManager]   StringPropertyStore: used=1 high=0
2017-01-14 22:30:28.442+0000 INFO  [o.n.k.i.DiagnosticsManager]   RelationshipTypeStore: used=0 high=-1
2017-01-14 22:30:28.442+0000 INFO  [o.n.k.i.DiagnosticsManager]   StringPropertyStore: used=1 high=0
2017-01-14 22:30:28.442+0000 INFO  [o.n.k.i.DiagnosticsManager]   LabelTokenStore: used=0 high=-1
2017-01-14 22:30:28.442+0000 INFO  [o.n.k.i.DiagnosticsManager]   SchemaStore: used=1 high=0
2017-01-14 22:30:28.442+0000 INFO  [o.n.k.i.DiagnosticsManager]   RelationshipGroupStore: used=1 high=0
2017-01-14 22:30:28.442+0000 INFO  [o.n.k.i.DiagnosticsManager]   NeoStore: used=15 high=14
2017-01-14 22:30:28.443+0000 INFO  [o.n.k.i.DiagnosticsManager] --- STARTED diagnostics for NEO_STORE_ID_USAGE END ---
2017-01-14 22:30:28.443+0000 INFO  [o.n.k.i.DiagnosticsManager] --- STARTED diagnostics for NEO_STORE_RECORDS START ---
2017-01-14 22:30:28.443+0000 INFO  [o.n.k.i.DiagnosticsManager] Neostore records:
2017-01-14 22:30:28.444+0000 INFO  [o.n.k.i.DiagnosticsManager] TIME (Creation time): 1484433026708
2017-01-14 22:30:28.444+0000 INFO  [o.n.k.i.DiagnosticsManager] RANDOM_NUMBER (Random number for store id): -6052871101601218071
2017-01-14 22:30:28.444+0000 INFO  [o.n.k.i.DiagnosticsManager] LOG_VERSION (Current log version): 0
2017-01-14 22:30:28.444+0000 INFO  [o.n.k.i.DiagnosticsManager] LAST_TRANSACTION_ID (Last committed transaction): 1
2017-01-14 22:30:28.444+0000 INFO  [o.n.k.i.DiagnosticsManager] STORE_VERSION (Store format version): 15531981201765894
2017-01-14 22:30:28.444+0000 INFO  [o.n.k.i.DiagnosticsManager] FIRST_GRAPH_PROPERTY (First property record containing graph properties): -1
2017-01-14 22:30:28.444+0000 INFO  [o.n.k.i.DiagnosticsManager] LAST_CONSTRAINT_TRANSACTION (Last committed transaction containing constraint changes): 0
2017-01-14 22:30:28.444+0000 INFO  [o.n.k.i.DiagnosticsManager] UPGRADE_TRANSACTION_ID (Transaction id most recent upgrade was performed at): 1
2017-01-14 22:30:28.445+0000 INFO  [o.n.k.i.DiagnosticsManager] UPGRADE_TIME (Time of last upgrade): 1484433026708
2017-01-14 22:30:28.445+0000 INFO  [o.n.k.i.DiagnosticsManager] LAST_TRANSACTION_CHECKSUM (Checksum of last committed transaction): 0
2017-01-14 22:30:28.445+0000 INFO  [o.n.k.i.DiagnosticsManager] UPGRADE_TRANSACTION_CHECKSUM (Checksum of transaction id the most recent upgrade was performed at): 0
2017-01-14 22:30:28.445+0000 INFO  [o.n.k.i.DiagnosticsManager] LAST_CLOSED_TRANSACTION_LOG_VERSION (Log version where the last transaction commit entry has been written into): 0
2017-01-14 22:30:28.445+0000 INFO  [o.n.k.i.DiagnosticsManager] LAST_CLOSED_TRANSACTION_LOG_BYTE_OFFSET (Byte offset in the log file where the last transaction commit entry has been written into): 16
2017-01-14 22:30:28.445+0000 INFO  [o.n.k.i.DiagnosticsManager] LAST_TRANSACTION_COMMIT_TIMESTAMP (Commit time timestamp for last committed transaction): 0
2017-01-14 22:30:28.445+0000 INFO  [o.n.k.i.DiagnosticsManager] UPGRADE_TRANSACTION_COMMIT_TIMESTAMP (Commit timestamp of transaction the most recent upgrade was performed at): 0
2017-01-14 22:30:28.445+0000 INFO  [o.n.k.i.DiagnosticsManager] --- STARTED diagnostics for NEO_STORE_RECORDS END ---
2017-01-14 22:30:28.447+0000 INFO  [o.n.k.i.DiagnosticsManager] --- STARTED diagnostics for TRANSACTION_RANGE START ---
2017-01-14 22:30:28.447+0000 INFO  [o.n.k.i.DiagnosticsManager] Transaction log:
2017-01-14 22:30:28.448+0000 INFO  [o.n.k.i.DiagnosticsManager] No transactions found in any log
2017-01-14 22:30:28.448+0000 INFO  [o.n.k.i.DiagnosticsManager] --- STARTED diagnostics for TRANSACTION_RANGE END ---
2017-01-14 22:30:28.448+0000 INFO  [o.n.k.i.DiagnosticsManager] --- STARTED diagnostics for KernelDiagnostics:StoreFiles START ---
2017-01-14 22:30:28.449+0000 INFO  [o.n.k.i.DiagnosticsManager] Disk space on partition (Total / Free / Free %): 249779191808 / 195093143552 / 78
Storage files: (filename : modification date - size)
2017-01-14 22:30:28.450+0000 INFO  [o.n.k.i.DiagnosticsManager]   index:
2017-01-14 22:30:28.450+0000 INFO  [o.n.k.i.DiagnosticsManager]   - Total: 2017-01-14T23:30:26+0100 - 0,00 B
2017-01-14 22:30:28.450+0000 INFO  [o.n.k.i.DiagnosticsManager]   neostore: 2017-01-14T23:30:26+0100 - 8,00 kB
2017-01-14 22:30:28.451+0000 INFO  [o.n.k.i.DiagnosticsManager]   neostore.counts.db.a: 2017-01-14T23:30:27+0100 - 96,00 B
2017-01-14 22:30:28.451+0000 INFO  [o.n.k.i.DiagnosticsManager]   neostore.id: 2017-01-14T23:30:26+0100 - 9,00 B
2017-01-14 22:30:28.451+0000 INFO  [o.n.k.i.DiagnosticsManager]   neostore.labeltokenstore.db: 2017-01-14T23:30:26+0100 - 0,00 B
2017-01-14 22:30:28.451+0000 INFO  [o.n.k.i.DiagnosticsManager]   neostore.labeltokenstore.db.id: 2017-01-14T23:30:26+0100 - 9,00 B
2017-01-14 22:30:28.451+0000 INFO  [o.n.k.i.DiagnosticsManager]   neostore.labeltokenstore.db.names: 2017-01-14T23:30:26+0100 - 8,00 kB
2017-01-14 22:30:28.451+0000 INFO  [o.n.k.i.DiagnosticsManager]   neostore.labeltokenstore.db.names.id: 2017-01-14T23:30:26+0100 - 9,00 B
2017-01-14 22:30:28.451+0000 INFO  [o.n.k.i.DiagnosticsManager]   neostore.nodestore.db: 2017-01-14T23:30:26+0100 - 0,00 B
2017-01-14 22:30:28.451+0000 INFO  [o.n.k.i.DiagnosticsManager]   neostore.nodestore.db.id: 2017-01-14T23:30:26+0100 - 9,00 B
2017-01-14 22:30:28.452+0000 INFO  [o.n.k.i.DiagnosticsManager]   neostore.nodestore.db.labels: 2017-01-14T23:30:26+0100 - 8,00 kB
2017-01-14 22:30:28.452+0000 INFO  [o.n.k.i.DiagnosticsManager]   neostore.nodestore.db.labels.id: 2017-01-14T23:30:26+0100 - 9,00 B
2017-01-14 22:30:28.452+0000 INFO  [o.n.k.i.DiagnosticsManager]   neostore.propertystore.db: 2017-01-14T23:30:26+0100 - 0,00 B
2017-01-14 22:30:28.452+0000 INFO  [o.n.k.i.DiagnosticsManager]   neostore.propertystore.db.arrays: 2017-01-14T23:30:26+0100 - 8,00 kB
2017-01-14 22:30:28.452+0000 INFO  [o.n.k.i.DiagnosticsManager]   neostore.propertystore.db.arrays.id: 2017-01-14T23:30:26+0100 - 9,00 B
2017-01-14 22:30:28.452+0000 INFO  [o.n.k.i.DiagnosticsManager]   neostore.propertystore.db.id: 2017-01-14T23:30:26+0100 - 9,00 B
2017-01-14 22:30:28.452+0000 INFO  [o.n.k.i.DiagnosticsManager]   neostore.propertystore.db.index: 2017-01-14T23:30:26+0100 - 0,00 B
2017-01-14 22:30:28.453+0000 INFO  [o.n.k.i.DiagnosticsManager]   neostore.propertystore.db.index.id: 2017-01-14T23:30:26+0100 - 9,00 B
2017-01-14 22:30:28.453+0000 INFO  [o.n.k.i.DiagnosticsManager]   neostore.propertystore.db.index.keys: 2017-01-14T23:30:26+0100 - 8,00 kB
2017-01-14 22:30:28.453+0000 INFO  [o.n.k.i.DiagnosticsManager]   neostore.propertystore.db.index.keys.id: 2017-01-14T23:30:26+0100 - 9,00 B
2017-01-14 22:30:28.453+0000 INFO  [o.n.k.i.DiagnosticsManager]   neostore.propertystore.db.strings: 2017-01-14T23:30:26+0100 - 8,00 kB
2017-01-14 22:30:28.453+0000 INFO  [o.n.k.i.DiagnosticsManager]   neostore.propertystore.db.strings.id: 2017-01-14T23:30:26+0100 - 9,00 B
2017-01-14 22:30:28.453+0000 INFO  [o.n.k.i.DiagnosticsManager]   neostore.relationshipgroupstore.db: 2017-01-14T23:30:26+0100 - 8,00 kB
2017-01-14 22:30:28.453+0000 INFO  [o.n.k.i.DiagnosticsManager]   neostore.relationshipgroupstore.db.id: 2017-01-14T23:30:26+0100 - 9,00 B
2017-01-14 22:30:28.453+0000 INFO  [o.n.k.i.DiagnosticsManager]   neostore.relationshipstore.db: 2017-01-14T23:30:26+0100 - 0,00 B
2017-01-14 22:30:28.454+0000 INFO  [o.n.k.i.DiagnosticsManager]   neostore.relationshipstore.db.id: 2017-01-14T23:30:26+0100 - 9,00 B
2017-01-14 22:30:28.454+0000 INFO  [o.n.k.i.DiagnosticsManager]   neostore.relationshiptypestore.db: 2017-01-14T23:30:26+0100 - 0,00 B
2017-01-14 22:30:28.454+0000 INFO  [o.n.k.i.DiagnosticsManager]   neostore.relationshiptypestore.db.id: 2017-01-14T23:30:26+0100 - 9,00 B
2017-01-14 22:30:28.454+0000 INFO  [o.n.k.i.DiagnosticsManager]   neostore.relationshiptypestore.db.names: 2017-01-14T23:30:26+0100 - 8,00 kB
2017-01-14 22:30:28.454+0000 INFO  [o.n.k.i.DiagnosticsManager]   neostore.relationshiptypestore.db.names.id: 2017-01-14T23:30:26+0100 - 9,00 B
2017-01-14 22:30:28.454+0000 INFO  [o.n.k.i.DiagnosticsManager]   neostore.schemastore.db: 2017-01-14T23:30:26+0100 - 8,00 kB
2017-01-14 22:30:28.454+0000 INFO  [o.n.k.i.DiagnosticsManager]   neostore.schemastore.db.id: 2017-01-14T23:30:26+0100 - 9,00 B
2017-01-14 22:30:28.454+0000 INFO  [o.n.k.i.DiagnosticsManager]   neostore.transaction.db.0: 2017-01-14T23:30:27+0100 - 16,00 B
2017-01-14 22:30:28.455+0000 INFO  [o.n.k.i.DiagnosticsManager]   schema:
2017-01-14 22:30:28.455+0000 INFO  [o.n.k.i.DiagnosticsManager]     label:
2017-01-14 22:30:28.455+0000 INFO  [o.n.k.i.DiagnosticsManager]       lucene:
2017-01-14 22:30:28.455+0000 INFO  [o.n.k.i.DiagnosticsManager]         labelStore:
2017-01-14 22:30:28.455+0000 INFO  [o.n.k.i.DiagnosticsManager]           1:
2017-01-14 22:30:28.455+0000 INFO  [o.n.k.i.DiagnosticsManager]             write.lock: 2017-01-14T23:30:26+0100 - 0,00 B
2017-01-14 22:30:28.457+0000 INFO  [o.n.k.i.DiagnosticsManager]           - Total: 2017-01-14T23:30:26+0100 - 0,00 B
2017-01-14 22:30:28.457+0000 INFO  [o.n.k.i.DiagnosticsManager]           failure-message: 2017-01-14T23:30:26+0100 - 16,00 kB
2017-01-14 22:30:28.457+0000 INFO  [o.n.k.i.DiagnosticsManager]         - Total: 2017-01-14T23:30:26+0100 - 16,00 kB
2017-01-14 22:30:28.457+0000 INFO  [o.n.k.i.DiagnosticsManager]       - Total: 2017-01-14T23:30:26+0100 - 16,00 kB
2017-01-14 22:30:28.457+0000 INFO  [o.n.k.i.DiagnosticsManager]     - Total: 2017-01-14T23:30:26+0100 - 16,00 kB
2017-01-14 22:30:28.457+0000 INFO  [o.n.k.i.DiagnosticsManager]   - Total: 2017-01-14T23:30:26+0100 - 16,00 kB
2017-01-14 22:30:28.457+0000 INFO  [o.n.k.i.DiagnosticsManager]   store_lock: 2017-01-14T23:30:26+0100 - 0,00 B
2017-01-14 22:30:28.457+0000 INFO  [o.n.k.i.DiagnosticsManager] --- STARTED diagnostics for KernelDiagnostics:StoreFiles END ---
2017-01-14 22:30:30.207+0000 INFO  [o.n.k.i.DiagnosticsManager] --- SERVER STARTED START ---
2017-01-14 22:30:31.384+0000 INFO  [o.n.k.i.DiagnosticsManager] --- SERVER STARTED END ---
